Exporter version: 6.4.5, Blender version: 2.90.1
========= Conversion from Blender to Babylon.js =========
	Scene settings used :
		Inline textures     :  false
		Material Type       :  PBR
		Positions Precision :  4
		Normals Precision   :  3
		UVs Precision       :  3
		Vert Color Precision:  3
		Mat Weight Precision:  2
		Keep Z-up r-handed  :  no
		Texture directory   :  C:\Users\svent\Documents\Sven Frankson\invader\assets\models\
	Python World class constructor completed
	WARNING: No active camera has been assigned, or is not in a currently selected Blender layer
	processing begun of mesh:  leg
		WARNING: No materials have been assigned: 
		num positions      :  253
		num normals        :  253
		num tangents       :  0
		num uvs            :  506
		num uvs2           :  0
		num colors         :  0
		num triangles      :  116
	processing begun of mesh:  lower-leg
		WARNING: No materials have been assigned: 
		num positions      :  48
		num normals        :  48
		num tangents       :  0
		num uvs            :  96
		num uvs2           :  0
		num colors         :  0
		num triangles      :  22
	processing begun of mesh:  foot
		WARNING: No materials have been assigned: 
		num positions      :  325
		num normals        :  325
		num tangents       :  0
		num uvs            :  650
		num uvs2           :  0
		num colors         :  0
		num triangles      :  122
	processing begun of mesh:  body
		WARNING: No materials have been assigned: 
		num positions      :  29
		num normals        :  29
		num tangents       :  0
		num uvs            :  58
		num uvs2           :  0
		num colors         :  0
		num triangles      :  12
========= Writing of JSON file started =========
	writing mesh:  leg
	writing mesh:  lower-leg
	writing mesh:  foot
	writing mesh:  body
========= Writing of JSON file completed =========
========= end of processing =========
elapsed time:  0 min, 0.0278 secs
