Exporter version: 6.4.5, Blender version: 2.90.1
========= Conversion from Blender to Babylon.js =========
	Scene settings used :
		Inline textures     :  false
		Material Type       :  PBR
		Positions Precision :  4
		Normals Precision   :  3
		UVs Precision       :  3
		Vert Color Precision:  3
		Mat Weight Precision:  2
		Keep Z-up r-handed  :  no
		Texture directory   :  C:\Users\svent\Documents\Sven Frankson\invader\assets\models\
	Python World class constructor completed
	WARNING: No active camera has been assigned, or is not in a currently selected Blender layer
	processing begun of mesh:  leg
		WARNING: No materials have been assigned: 
		num positions      :  28
		num normals        :  28
		num tangents       :  0
		num uvs            :  56
		num uvs2           :  0
		num colors         :  0
		num triangles      :  12
	processing begun of mesh:  lower-leg
		WARNING: No materials have been assigned: 
		num positions      :  58
		num normals        :  58
		num tangents       :  0
		num uvs            :  116
		num uvs2           :  0
		num colors         :  0
		num triangles      :  24
	processing begun of mesh:  body
		WARNING: No materials have been assigned: 
		num positions      :  302
		num normals        :  302
		num tangents       :  0
		num uvs            :  604
		num uvs2           :  0
		num colors         :  0
		num triangles      :  332
		WARNING: # of 0 area faces found:  8
========= Writing of JSON file started =========
	writing mesh:  leg
	writing mesh:  lower-leg
	writing mesh:  body
========= Writing of JSON file completed =========
========= end of processing =========
elapsed time:  0 min, 0.0273 secs
