Exporter version: 6.4.5, Blender version: 2.90.1
========= Conversion from Blender to Babylon.js =========
	Scene settings used :
		Inline textures     :  false
		Material Type       :  PBR
		Positions Precision :  4
		Normals Precision   :  3
		UVs Precision       :  3
		Vert Color Precision:  3
		Mat Weight Precision:  2
		Keep Z-up r-handed  :  no
		Texture directory   :  C:\Users\svent\Documents\Sven Frankson\invader\assets\models\
	Python World class constructor completed
	WARNING: No active camera has been assigned, or is not in a currently selected Blender layer
	processing begun of mesh:  body
		WARNING: No materials have been assigned: 
		num positions      :  671
		num normals        :  671
		num tangents       :  0
		num uvs            :  1342
		num uvs2           :  0
		num colors         :  0
		num triangles      :  928
	processing begun of mesh:  leg
		WARNING: No materials have been assigned: 
		num positions      :  182
		num normals        :  182
		num tangents       :  0
		num uvs            :  364
		num uvs2           :  0
		num colors         :  0
		num triangles      :  256
	processing begun of mesh:  foot
		WARNING: No materials have been assigned: 
		num positions      :  245
		num normals        :  245
		num tangents       :  0
		num uvs            :  490
		num uvs2           :  0
		num colors         :  0
		num triangles      :  272
	processing begun of mesh:  arm
		WARNING: No materials have been assigned: 
		num positions      :  221
		num normals        :  221
		num tangents       :  0
		num uvs            :  442
		num uvs2           :  0
		num colors         :  0
		num triangles      :  256
	processing begun of mesh:  forearm
		WARNING: No materials have been assigned: 
		num positions      :  221
		num normals        :  221
		num tangents       :  0
		num uvs            :  442
		num uvs2           :  0
		num colors         :  0
		num triangles      :  256
========= Writing of JSON file started =========
	writing mesh:  body
	writing mesh:  leg
	writing mesh:  foot
	writing mesh:  arm
	writing mesh:  forearm
========= Writing of JSON file completed =========
========= end of processing =========
elapsed time:  0 min, 0.1183 secs
