Exporter version: 6.4.5, Blender version: 2.90.1
========= Conversion from Blender to Babylon.js =========
	Scene settings used :
		Inline textures     :  false
		Material Type       :  PBR
		Positions Precision :  4
		Normals Precision   :  3
		UVs Precision       :  3
		Vert Color Precision:  3
		Mat Weight Precision:  2
		Keep Z-up r-handed  :  no
		Texture directory   :  C:\Users\svent\Documents\Sven Frankson\puppet\robot\assets\
	Python World class constructor completed
	WARNING: No active camera has been assigned, or is not in a currently selected Blender layer
	processing begun of mesh:  base
		processing begun of material:  CanonMaterial
		num positions      :  283
		num normals        :  283
		num tangents       :  0
		num uvs            :  566
		num uvs2           :  0
		num colors         :  0
		num triangles      :  168
	processing begun of mesh:  body
		processing begun of material:  CanonMaterial
		registered as also a user of material:  CanonMaterial
		num positions      :  275
		num normals        :  275
		num tangents       :  0
		num uvs            :  550
		num uvs2           :  0
		num colors         :  0
		num triangles      :  196
	processing begun of mesh:  canon
		processing begun of material:  CanonMaterial
		registered as also a user of material:  CanonMaterial
		num positions      :  145
		num normals        :  145
		num tangents       :  0
		num uvs            :  290
		num uvs2           :  0
		num colors         :  0
		num triangles      :  116
	processing begun of mesh:  head
		processing begun of material:  CanonMaterial
		registered as also a user of material:  CanonMaterial
		num positions      :  132
		num normals        :  132
		num tangents       :  0
		num uvs            :  264
		num uvs2           :  0
		num colors         :  0
		num triangles      :  86
========= Writing of JSON file started =========
	writing mesh:  base
	writing mesh:  body
	writing mesh:  canon
	writing mesh:  head
========= Writing of JSON file completed =========
========= end of processing =========
elapsed time:  0 min, 0.0419 secs
