Exporter version: 6.4.5, Blender version: 2.90.1
========= Conversion from Blender to Babylon.js =========
	Scene settings used :
		Inline textures     :  false
		Material Type       :  PBR
		Positions Precision :  4
		Normals Precision   :  3
		UVs Precision       :  3
		Vert Color Precision:  3
		Mat Weight Precision:  2
		Keep Z-up r-handed  :  no
		Texture directory   :  C:\Users\svent\Documents\Sven Frankson\puppet\robot\assets\
	Python World class constructor completed
	WARNING: No active camera has been assigned, or is not in a currently selected Blender layer
	processing begun of mesh:  command-center
		processing begun of material:  CommandCenterMaterial
		num positions      :  460
		num normals        :  460
		num tangents       :  0
		num uvs            :  920
		num uvs2           :  0
		num colors         :  0
		num triangles      :  194
	processing begun of mesh:  energy-cell-1
		processing begun of material:  EnergyCellMaterial
		num positions      :  172
		num normals        :  172
		num tangents       :  0
		num uvs            :  344
		num uvs2           :  0
		num colors         :  0
		num triangles      :  110
	processing begun of mesh:  comm-module
		processing begun of material:  Concrete
		processing begun of material:  Steel
		processing begun of multimaterial:  command_center.Multimaterial#0
		num positions      :  581
		num normals        :  581
		num tangents       :  0
		num uvs            :  1162
		num uvs2           :  0
		num colors         :  0
		num triangles      :  226
	processing begun of mesh:  energy-cell-1.001
		processing begun of material:  EnergyCellMaterial
		registered as also a user of material:  EnergyCellMaterial
		num positions      :  172
		num normals        :  172
		num tangents       :  0
		num uvs            :  344
		num uvs2           :  0
		num colors         :  0
		num triangles      :  110
	processing begun of mesh:  energy-cell-1.002
		processing begun of material:  EnergyCellMaterial
		registered as also a user of material:  EnergyCellMaterial
		num positions      :  172
		num normals        :  172
		num tangents       :  0
		num uvs            :  344
		num uvs2           :  0
		num colors         :  0
		num triangles      :  110
	processing begun of mesh:  energy-cell-1.003
		processing begun of material:  EnergyCellMaterial
		registered as also a user of material:  EnergyCellMaterial
		num positions      :  172
		num normals        :  172
		num tangents       :  0
		num uvs            :  344
		num uvs2           :  0
		num colors         :  0
		num triangles      :  110
========= Writing of JSON file started =========
	writing mesh:  command-center
	writing mesh:  energy-cell-1
	writing mesh:  comm-module
	writing mesh:  energy-cell-1.001
	writing mesh:  energy-cell-1.002
	writing mesh:  energy-cell-1.003
========= Writing of JSON file completed =========
========= end of processing =========
elapsed time:  0 min, 0.1214 secs
