Exporter version: 6.4.5, Blender version: 2.90.1
========= Conversion from Blender to Babylon.js =========
	Scene settings used :
		Inline textures     :  false
		Material Type       :  PBR
		Positions Precision :  4
		Normals Precision   :  3
		UVs Precision       :  3
		Vert Color Precision:  3
		Mat Weight Precision:  2
		Keep Z-up r-handed  :  no
		Texture directory   :  C:\Users\svent\Documents\Sven Frankson\puppet\robot\assets\
	Python World class constructor completed
	WARNING: No active camera has been assigned, or is not in a currently selected Blender layer
	processing begun of mesh:  foot-left
		processing begun of material:  RobotMaterial
		num positions      :  555
		num normals        :  555
		num tangents       :  0
		num uvs            :  1110
		num uvs2           :  0
		num colors         :  0
		num triangles      :  202
	processing begun of mesh:  body
		processing begun of material:  RobotMaterial
		registered as also a user of material:  RobotMaterial
		num positions      :  397
		num normals        :  397
		num tangents       :  0
		num uvs            :  794
		num uvs2           :  0
		num colors         :  0
		num triangles      :  250
	processing begun of mesh:  head
		processing begun of material:  RobotMaterial
		registered as also a user of material:  RobotMaterial
		num positions      :  304
		num normals        :  304
		num tangents       :  0
		num uvs            :  608
		num uvs2           :  0
		num colors         :  0
		num triangles      :  316
	processing begun of mesh:  leg-left
		processing begun of material:  RobotMaterial
		registered as also a user of material:  RobotMaterial
		num positions      :  162
		num normals        :  162
		num tangents       :  0
		num uvs            :  324
		num uvs2           :  0
		num colors         :  0
		num triangles      :  70
	processing begun of mesh:  upper-leg-left
		processing begun of material:  RobotMaterial
		registered as also a user of material:  RobotMaterial
		num positions      :  125
		num normals        :  125
		num tangents       :  0
		num uvs            :  250
		num uvs2           :  0
		num colors         :  0
		num triangles      :  50
	processing begun of mesh:  hand-left
		processing begun of material:  RobotMaterial
		registered as also a user of material:  RobotMaterial
		num positions      :  170
		num normals        :  170
		num tangents       :  0
		num uvs            :  340
		num uvs2           :  0
		num colors         :  0
		num triangles      :  64
	processing begun of mesh:  upper-leg-right
		processing begun of material:  RobotMaterial
		registered as also a user of material:  RobotMaterial
		num positions      :  125
		num normals        :  125
		num tangents       :  0
		num uvs            :  250
		num uvs2           :  0
		num colors         :  0
		num triangles      :  50
	processing begun of mesh:  leg-right
		processing begun of material:  RobotMaterial
		registered as also a user of material:  RobotMaterial
		num positions      :  159
		num normals        :  159
		num tangents       :  0
		num uvs            :  318
		num uvs2           :  0
		num colors         :  0
		num triangles      :  70
	processing begun of mesh:  foot-right
		processing begun of material:  RobotMaterial
		registered as also a user of material:  RobotMaterial
		num positions      :  555
		num normals        :  555
		num tangents       :  0
		num uvs            :  1110
		num uvs2           :  0
		num colors         :  0
		num triangles      :  202
	processing begun of mesh:  arm-left
		processing begun of material:  RobotMaterial
		registered as also a user of material:  RobotMaterial
		num positions      :  161
		num normals        :  161
		num tangents       :  0
		num uvs            :  322
		num uvs2           :  0
		num colors         :  0
		num triangles      :  70
	processing begun of mesh:  upper-arm-left
		processing begun of material:  RobotMaterial
		registered as also a user of material:  RobotMaterial
		num positions      :  127
		num normals        :  127
		num tangents       :  0
		num uvs            :  254
		num uvs2           :  0
		num colors         :  0
		num triangles      :  50
	processing begun of mesh:  upper-arm-right
		processing begun of material:  RobotMaterial
		registered as also a user of material:  RobotMaterial
		num positions      :  126
		num normals        :  126
		num tangents       :  0
		num uvs            :  252
		num uvs2           :  0
		num colors         :  0
		num triangles      :  50
	processing begun of mesh:  arm-right
		processing begun of material:  RobotMaterial
		registered as also a user of material:  RobotMaterial
		num positions      :  158
		num normals        :  158
		num tangents       :  0
		num uvs            :  316
		num uvs2           :  0
		num colors         :  0
		num triangles      :  70
	processing begun of mesh:  hand-right
		processing begun of material:  RobotMaterial
		registered as also a user of material:  RobotMaterial
		num positions      :  170
		num normals        :  170
		num tangents       :  0
		num uvs            :  340
		num uvs2           :  0
		num colors         :  0
		num triangles      :  64
========= Writing of JSON file started =========
	writing mesh:  foot-left
	writing mesh:  body
	writing mesh:  head
	writing mesh:  leg-left
	writing mesh:  upper-leg-left
	writing mesh:  hand-left
	writing mesh:  upper-leg-right
	writing mesh:  leg-right
	writing mesh:  foot-right
	writing mesh:  arm-left
	writing mesh:  upper-arm-left
	writing mesh:  upper-arm-right
	writing mesh:  arm-right
	writing mesh:  hand-right
========= Writing of JSON file completed =========
========= end of processing =========
elapsed time:  0 min, 0.1891 secs
